Arguments: 
  C:\Program Files\nodejs\node.exe C:\Users\wo\AppData\Roaming\npm\node_modules\yarn\bin\yarn.js add html-webpack-plugin --dev

PATH: 
  C:\Program Files (x86)\Common Files\Oracle\Java\javapath;C:\Program Files (x86)\Intel\iCLS Client\;C:\Program Files\Intel\iCLS Client\;C:\WINDOWS\system32;C:\WINDOWS;C:\WINDOWS\System32\Wbem;C:\WINDOWS\System32\WindowsPowerShell\v1.0\;C:\Program Files (x86)\Intel\Intel(R) Management Engine Components\DAL;C:\Program Files\Intel\Intel(R) Management Engine Components\DAL;C:\Program Files (x86)\Intel\Intel(R) Management Engine Components\IPT;C:\Program Files\Intel\Intel(R) Management Engine Components\IPT;C:\Program Files\nodejs\;C:\Program Files\Git\cmd;C:\Program Files\Intel\WiFi\bin\;C:\Program Files\Common Files\Intel\WirelessCommon\;C:\WINDOWS\System32\OpenSSH\;D:\softwares\nvm;C:\Program Files\nodejs;C:\Users\wo\.windows-build-tools\vs_BuildTools.exe;D:\key\apache-tomcat-8.5.47\bin;D:\key\apache-tomcat-8.5.47\lib;D:\key\apache-maven-3.6.3\bin;D:\key\jdk1.8.0_171\bin;D:\key\jdk1.8.0_171\jre\bin;C:\Users\wo\AppData\Local\Programs\Python\Python38\Scripts\;C:\Users\wo\AppData\Local\Programs\Python\Python38\;C:\Program Files\MySQL\MySQL Shell 8.0\bin\;C:\Users\wo\AppData\Local\Microsoft\WindowsApps;D:\IDE\Microsoft VS Code\bin;C:\Users\wo\AppData\Roaming\npm;C:\Program Files\JetBrains\IntelliJ IDEA 2019.2.3\bin;C:\Program Files\JetBrains\WebStorm 2019.2.3\bin;C:\Program Files\JetBrains\PyCharm 2019.3.1\bin

Yarn version: 
  1.22.0

Node version: 
  12.13.0

Platform: 
  win32 x64

Trace: 
  Error: connect ETIMEDOUT 104.16.23.35:443
      at TCPConnectWrap.afterConnect [as oncomplete] (net.js:1128:14)

npm manifest: 
  {
    "name": "hisclient",
    "version": "1.0.0",
    "description": "",
    "main": "index.js",
    "scripts": {
      "test": "echo \"Error: no test specified\" && exit 1"
    },
    "author": "",
    "license": "ISC",
    "dependencies": {
      "Babel": "0.0.1",
      "antd": "^4.4.2",
      "react": "^16.13.1",
      "react-dom": "^16.13.1",
      "react-redux": "^7.2.0",
      "react-router": "^5.2.0",
      "react-select": "^3.1.0",
      "sass": "^1.26.10",
      "typescript": "^3.9.6"
    },
    "devDependencies": {
      "@babel/core": "^7.10.4",
      "@babel/preset-env": "^7.10.4",
      "@typescript-eslint/eslint-plugin": "^3.6.1",
      "@typescript-eslint/parser": "^3.6.1",
      "babel-loader": "^8.1.0",
      "eslint": "^7.4.0",
      "eslint-config-standard": "^14.1.1",
      "eslint-plugin-import": "^2.22.0",
      "eslint-plugin-node": "^11.1.0",
      "eslint-plugin-promise": "^4.2.1",
      "eslint-plugin-react": "^7.20.3",
      "eslint-plugin-standard": "^4.0.1",
      "webpack": "^4.43.0"
    }
  }

yarn manifest: 
  No manifest

Lockfile: 
  No lockfile
